# JRE version: Java(TM) SE Runtime Environment (8.0-b132) (build 1.8.0-b132)
# Java VM: Java HotSpot(TM) 64-Bit Server VM (25.0-b70 mixed mode windows-amd64 compressed oops)
Heap:
 PSYoungGen      total 71680K, used 17214K [0x00000000ec600000, 0x00000000f1b00000, 0x0000000100000000)
  eden space 66048K, 19% used [0x00000000ec600000,0x00000000ed2869b8,0x00000000f0680000)
  from space 5632K, 77% used [0x00000000f0f80000,0x00000000f13c9060,0x00000000f1500000)
  to   space 9216K, 0% used [0x00000000f0680000,0x00000000f0680000,0x00000000f0f80000)
 ParOldGen       total 19456K, used 13933K [0x00000000c5200000, 0x00000000c6500000, 0x00000000ec600000)
  object space 19456K, 71% used [0x00000000c5200000,0x00000000c5f9b568,0x00000000c6500000)
 Metaspace       used 33367K, capacity 33862K, committed 34304K, reserved 1079296K
  class space    used 4213K, capacity 4303K, committed 4352K, reserved 1048576K
GC Heap History (10 events):
Event: 8.467 GC heap before
{Heap before GC invocations=22 (full 1):
 PSYoungGen      total 54272K, used 51200K [0x00000000ec600000, 0x00000000eff00000, 0x0000000100000000)
  eden space 51200K, 100% used [0x00000000ec600000,0x00000000ef800000,0x00000000ef800000)
  from space 3072K, 0% used [0x00000000efc00000,0x00000000efc00000,0x00000000eff00000)
  to   space 3584K, 0% used [0x00000000ef800000,0x00000000ef800000,0x00000000efb80000)
 ParOldGen       total 10240K, used 7407K [0x00000000c5200000, 0x00000000c5c00000, 0x00000000ec600000)
  object space 10240K, 72% used [0x00000000c5200000,0x00000000c593bd00,0x00000000c5c00000)
 Metaspace       used 23097K, capacity 23374K, committed 23808K, reserved 1071104K
  class space    used 2942K, capacity 3003K, committed 3072K, reserved 1048576K
Event: 8.475 GC heap after
Heap after GC invocations=22 (full 1):
 PSYoungGen      total 54784K, used 3116K [0x00000000ec600000, 0x00000000f0900000, 0x0000000100000000)
  eden space 51200K, 0% used [0x00000000ec600000,0x00000000ec600000,0x00000000ef800000)
  from space 3584K, 86% used [0x00000000ef800000,0x00000000efb0b260,0x00000000efb80000)
  to   space 4096K, 0% used [0x00000000f0500000,0x00000000f0500000,0x00000000f0900000)
 ParOldGen       total 10240K, used 7415K [0x00000000c5200000, 0x00000000c5c00000, 0x00000000ec600000)
  object space 10240K, 72% used [0x00000000c5200000,0x00000000c593dd00,0x00000000c5c00000)
 Metaspace       used 23097K, capacity 23374K, committed 23808K, reserved 1071104K
  class space    used 2942K, capacity 3003K, committed 3072K, reserved 1048576K
}
Event: 9.910 GC heap before
{Heap before GC invocations=23 (full 1):
 PSYoungGen      total 54784K, used 54316K [0x00000000ec600000, 0x00000000f0900000, 0x0000000100000000)
  eden space 51200K, 100% used [0x00000000ec600000,0x00000000ef800000,0x00000000ef800000)
  from space 3584K, 86% used [0x00000000ef800000,0x00000000efb0b260,0x00000000efb80000)
  to   space 4096K, 0% used [0x00000000f0500000,0x00000000f0500000,0x00000000f0900000)
 ParOldGen       total 10240K, used 7415K [0x00000000c5200000, 0x00000000c5c00000, 0x00000000ec600000)
  object space 10240K, 72% used [0x00000000c5200000,0x00000000c593dd00,0x00000000c5c00000)
 Metaspace       used 24285K, capacity 24522K, committed 24960K, reserved 1071104K
  class space    used 3095K, capacity 3141K, committed 3200K, reserved 1048576K
Event: 9.921 GC heap after
Heap after GC invocations=23 (full 1):
 PSYoungGen      total 64000K, used 4082K [0x00000000ec600000, 0x00000000f0980000, 0x0000000100000000)
  eden space 59904K, 0% used [0x00000000ec600000,0x00000000ec600000,0x00000000f0080000)
  from space 4096K, 99% used [0x00000000f0500000,0x00000000f08fca20,0x00000000f0900000)
  to   space 4608K, 0% used [0x00000000f0080000,0x00000000f0080000,0x00000000f0500000)
 ParOldGen       total 10240K, used 7423K [0x00000000c5200000, 0x00000000c5c00000, 0x00000000ec600000)
  object space 10240K, 72% used [0x00000000c5200000,0x00000000c593fd00,0x00000000c5c00000)
 Metaspace       used 24285K, capacity 24522K, committed 24960K, reserved 1071104K
  class space    used 3095K, capacity 3141K, committed 3200K, reserved 1048576K
}
Event: 11.501 GC heap before
{Heap before GC invocations=24 (full 1):
 PSYoungGen      total 64000K, used 63986K [0x00000000ec600000, 0x00000000f0980000, 0x0000000100000000)
  eden space 59904K, 100% used [0x00000000ec600000,0x00000000f0080000,0x00000000f0080000)
  from space 4096K, 99% used [0x00000000f0500000,0x00000000f08fca20,0x00000000f0900000)
  to   space 4608K, 0% used [0x00000000f0080000,0x00000000f0080000,0x00000000f0500000)
 ParOldGen       total 10240K, used 7423K [0x00000000c5200000, 0x00000000c5c00000, 0x00000000ec600000)
  object space 10240K, 72% used [0x00000000c5200000,0x00000000c593fd00,0x00000000c5c00000)
 Metaspace       used 24951K, capacity 25222K, committed 25600K, reserved 1071104K
  class space    used 3177K, capacity 3215K, committed 3328K, reserved 1048576K
Event: 11.513 GC heap after
Heap after GC invocations=24 (full 1):
 PSYoungGen      total 64512K, used 4592K [0x00000000ec600000, 0x00000000f1500000, 0x0000000100000000)
  eden space 59904K, 0% used [0x00000000ec600000,0x00000000ec600000,0x00000000f0080000)
  from space 4608K, 99% used [0x00000000f0080000,0x00000000f04fc040,0x00000000f0500000)
  to   space 5632K, 0% used [0x00000000f0f80000,0x00000000f0f80000,0x00000000f1500000)
 ParOldGen       total 10240K, used 8018K [0x00000000c5200000, 0x00000000c5c00000, 0x00000000ec600000)
  object space 10240K, 78% used [0x00000000c5200000,0x00000000c59d4888,0x00000000c5c00000)
 Metaspace       used 24951K, capacity 25222K, committed 25600K, reserved 1071104K
  class space    used 3177K, capacity 3215K, committed 3328K, reserved 1048576K
}
Event: 19.110 GC heap before
{Heap before GC invocations=25 (full 1):
 PSYoungGen      total 64512K, used 64496K [0x00000000ec600000, 0x00000000f1500000, 0x0000000100000000)
  eden space 59904K, 100% used [0x00000000ec600000,0x00000000f0080000,0x00000000f0080000)
  from space 4608K, 99% used [0x00000000f0080000,0x00000000f04fc040,0x00000000f0500000)
  to   space 5632K, 0% used [0x00000000f0f80000,0x00000000f0f80000,0x00000000f1500000)
 ParOldGen       total 10240K, used 8018K [0x00000000c5200000, 0x00000000c5c00000, 0x00000000ec600000)
  object space 10240K, 78% used [0x00000000c5200000,0x00000000c59d4888,0x00000000c5c00000)
 Metaspace       used 31748K, capacity 32168K, committed 32640K, reserved 1077248K
  class space    used 4044K, capacity 4116K, committed 4224K, reserved 1048576K
Event: 19.131 GC heap after
Heap after GC invocations=25 (full 1):
 PSYoungGen      total 71680K, used 5606K [0x00000000ec600000, 0x00000000f1b00000, 0x0000000100000000)
  eden space 66048K, 0% used [0x00000000ec600000,0x00000000ec600000,0x00000000f0680000)
  from space 5632K, 99% used [0x00000000f0f80000,0x00000000f14f9aa8,0x00000000f1500000)
  to   space 9216K, 0% used [0x00000000f0680000,0x00000000f0680000,0x00000000f0f80000)
 ParOldGen       total 14336K, used 14127K [0x00000000c5200000, 0x00000000c6000000, 0x00000000ec600000)
  object space 14336K, 98% used [0x00000000c5200000,0x00000000c5fcbd40,0x00000000c6000000)
 Metaspace       used 31748K, capacity 32168K, committed 32640K, reserved 1077248K
  class space    used 4044K, capacity 4116K, committed 4224K, reserved 1048576K
}
Event: 19.131 GC heap before
{Heap before GC invocations=26 (full 2):
 PSYoungGen      total 71680K, used 5606K [0x00000000ec600000, 0x00000000f1b00000, 0x0000000100000000)
  eden space 66048K, 0% used [0x00000000ec600000,0x00000000ec600000,0x00000000f0680000)
  from space 5632K, 99% used [0x00000000f0f80000,0x00000000f14f9aa8,0x00000000f1500000)
  to   space 9216K, 0% used [0x00000000f0680000,0x00000000f0680000,0x00000000f0f80000)
 ParOldGen       total 14336K, used 14127K [0x00000000c5200000, 0x00000000c6000000, 0x00000000ec600000)
  object space 14336K, 98% used [0x00000000c5200000,0x00000000c5fcbd40,0x00000000c6000000)
 Metaspace       used 31748K, capacity 32168K, committed 32640K, reserved 1077248K
  class space    used 4044K, capacity 4116K, committed 4224K, reserved 1048576K
Event: 19.442 GC heap after
Heap after GC invocations=26 (full 2):
 PSYoungGen      total 71680K, used 4388K [0x00000000ec600000, 0x00000000f1b00000, 0x0000000100000000)
  eden space 66048K, 0% used [0x00000000ec600000,0x00000000ec600000,0x00000000f0680000)
  from space 5632K, 77% used [0x00000000f0f80000,0x00000000f13c9060,0x00000000f1500000)
  to   space 9216K, 0% used [0x00000000f0680000,0x00000000f0680000,0x00000000f0f80000)
 ParOldGen       total 19456K, used 13933K [0x00000000c5200000, 0x00000000c6500000, 0x00000000ec600000)
  object space 19456K, 71% used [0x00000000c5200000,0x00000000c5f9b568,0x00000000c6500000)
 Metaspace       used 31748K, capacity 32168K, committed 32640K, reserved 1077248K
  class space    used 4044K, capacity 4116K, committed 4224K, reserved 1048576K
}

